float(0.25)
Loop again: N_1 = [0.25] : [1] 
2: D = 1 : 1/124 = 0.0080645161290323 | [] N_1 = [0.25]
float(0.5)
Loop again: N_1 = [0.5] : [1] 
2: D = 2 : 2/124 = 0.016129032258065 | [] N_1 = [0.5]
float(0.75)
Loop again: N_1 = [0.75] : [1] 
2: D = 3 : 3/124 = 0.024193548387097 | [] N_1 = [0.75]
1: D = 4 : 4/124 = 0.032258064516129 | []
float(1.3333333333333)
Loop again: N_1 = [1.3333333333333] : [1] 
1: D = 4 : 4/228 = 0.017543859649123 | [] N_1 = [1.3333333333333]
float(1.25)
Loop again: N_1 = [1.25] : [1] 
2: D = 5 : 5/124 = 0.040322580645161 | [] N_1 = [1.25]
float(1.5)
Loop again: N_1 = [1.5] : [1] 
2: D = 6 : 6/124 = 0.048387096774194 | [] N_1 = [1.5]
float(1.75)
Loop again: N_1 = [1.75] : [1] 
2: D = 7 : 7/124 = 0.056451612903226 | [] N_1 = [1.75]
1: D = 8 : 8/124 = 0.064516129032258 | []
float(2.6666666666667)
Loop again: N_1 = [2.6666666666667] : [1] 
1: D = 8 : 8/228 = 0.035087719298246 | [] N_1 = [2.6666666666667]
float(2.25)
Loop again: N_1 = [2.25] : [1] 
2: D = 9 : 9/124 = 0.07258064516129 | [] N_1 = [2.25]
float(2.5)
Loop again: N_1 = [2.5] : [1] 
2: D = 10 : 10/124 = 0.080645161290323 | [] N_1 = [2.5]
float(2.75)
Loop again: N_1 = [2.75] : [1] 
2: D = 11 : 11/124 = 0.088709677419355 | [] N_1 = [2.75]
1: D = 12 : 12/124 = 0.096774193548387 | []
0: D = 12 : 12/228 = 0.052631578947368 | []
-1: D = 12 : 12/52 = 0.23076923076923 | []
(6,12)(4,12)(3,12) => (6,12)(4,12)(3,12)
